<?xml version="1.0" encoding="UTF-8"?>
<!-- Generated by org.testng.reporters.JUnitReportReporter -->
<testsuite skipped="0" hostname="LAPTOP-AI9CD3N0" name="testNGAnnotations.TestScriptValidLogin" tests="1" failures="0" timestamp="2021-11-13T09:52:39 IST" time="7.183" errors="0">
  <testcase name="validLogin" time="7.183" classname="testNGAnnotations.TestScriptValidLogin"/>
  <system-out/>
</testsuite> <!-- testNGAnnotations.TestScriptValidLogin -->
