<?xml version="1.0" encoding="UTF-8"?>
<!-- Generated by org.testng.reporters.JUnitReportReporter -->
<testsuite skipped="0" hostname="LAPTOP-AI9CD3N0" name="testng1.Annotations" tests="2" failures="0" timestamp="2021-11-13T09:43:28 IST" time="0.000" errors="0">
  <testcase name="z" time="0.000" classname="testng1.Annotations"/>
  <system-out>
    <![CDATA[Test script /scenario Z]]>
  </system-out>
  <testcase name="a" time="0.000" classname="testng1.Annotations"/>
  <system-out>
    <![CDATA[Test script /scenario A]]>
  </system-out>
</testsuite> <!-- testng1.Annotations -->
