<?xml version="1.0" encoding="UTF-8"?>
<!-- Generated by org.testng.reporters.JUnitReportReporter -->
<testsuite skipped="0" hostname="LAPTOP-AI9CD3N0" name="Flags.DescriptionFlag" tests="1" failures="0" timestamp="2021-11-09T09:57:29 IST" time="0.007" errors="0">
  <testcase name="login" time="0.007" classname="Flags.DescriptionFlag"/>
  <system-out>
    <![CDATA[login test case]]>
  </system-out>
</testsuite> <!-- Flags.DescriptionFlag -->
