<?xml version="1.0" encoding="UTF-8"?>
<!-- Generated by org.testng.reporters.JUnitReportReporter -->
<testsuite skipped="0" hostname="LAPTOP-AI9CD3N0" name="TestNG.Demo2" tests="3" failures="0" timestamp="2021-11-08T09:20:43 IST" time="0.000" errors="0">
  <testcase name="action" time="0.000" classname="TestNG.Demo2"/>
  <system-out>
    <![CDATA[perform the action]]>
  </system-out>
  <testcase name="login" time="0.000" classname="TestNG.Demo2"/>
  <system-out>
    <![CDATA[login]]>
  </system-out>
  <testcase name="logout" time="0.000" classname="TestNG.Demo2"/>
  <system-out>
    <![CDATA[logout]]>
  </system-out>
</testsuite> <!-- TestNG.Demo2 -->
