<?xml version="1.0" encoding="UTF-8"?>
<!-- Generated by org.testng.reporters.JUnitReportReporter -->
<testsuite skipped="0" hostname="LAPTOP-AI9CD3N0" name="TestNG.Demo" tests="1" failures="0" timestamp="2021-11-08T09:30:37 IST" time="0.000" errors="0">
  <testcase name="login" time="0.000" classname="TestNG.Demo"/>
  <system-out>
    <![CDATA[login to the app]]>
  </system-out>
</testsuite> <!-- TestNG.Demo -->
