<?xml version="1.0" encoding="UTF-8"?>
<!-- Generated by org.testng.reporters.JUnitReportReporter -->
<testsuite skipped="0" hostname="LAPTOP-AI9CD3N0" name="Flags.InvocationCountFlag" tests="101" failures="0" timestamp="2021-11-09T10:02:56 IST" time="0.114" errors="0">
  <testcase name="a" time="0.000" classname="Flags.InvocationCountFlag"/>
  <system-out>
    <![CDATA[hi I am inconsistent bug]]>
  </system-out>
  <testcase name="a" time="0.001" classname="Flags.InvocationCountFlag"/>
  <system-out>
    <![CDATA[hi I am inconsistent bug]]>
  </system-out>
  <testcase name="a" time="0.001" classname="Flags.InvocationCountFlag"/>
  <system-out>
    <![CDATA[hi I am inconsistent bug]]>
  </system-out>
  <testcase name="a" time="0.001" classname="Flags.InvocationCountFlag"/>
  <system-out>
    <![CDATA[hi I am inconsistent bug]]>
  </system-out>
  <testcase name="a" time="0.028" classname="Flags.InvocationCountFlag"/>
  <system-out>
    <![CDATA[hi I am inconsistent bug]]>
  </system-out>
  <testcase name="a" time="0.000" classname="Flags.InvocationCountFlag"/>
  <system-out>
    <![CDATA[hi I am inconsistent bug]]>
  </system-out>
  <testcase name="a" time="0.003" classname="Flags.InvocationCountFlag"/>
  <system-out>
    <![CDATA[hi I am inconsistent bug]]>
  </system-out>
  <testcase name="a" time="0.001" classname="Flags.InvocationCountFlag"/>
  <system-out>
    <![CDATA[hi I am inconsistent bug]]>
  </system-out>
  <testcase name="a" time="0.000" classname="Flags.InvocationCountFlag"/>
  <system-out>
    <![CDATA[hi I am inconsistent bug]]>
  </system-out>
  <testcase name="a" time="0.000" classname="Flags.InvocationCountFlag"/>
  <system-out>
    <![CDATA[hi I am inconsistent bug]]>
  </system-out>
  <testcase name="a" time="0.001" classname="Flags.InvocationCountFlag"/>
  <system-out>
    <![CDATA[hi I am inconsistent bug]]>
  </system-out>
  <testcase name="a" time="0.000" classname="Flags.InvocationCountFlag"/>
  <system-out>
    <![CDATA[hi I am inconsistent bug]]>
  </system-out>
  <testcase name="a" time="0.001" classname="Flags.InvocationCountFlag"/>
  <system-out>
    <![CDATA[hi I am inconsistent bug]]>
  </system-out>
  <testcase name="a" time="0.000" classname="Flags.InvocationCountFlag"/>
  <system-out>
    <![CDATA[hi I am inconsistent bug]]>
  </system-out>
  <testcase name="a" time="0.001" classname="Flags.InvocationCountFlag"/>
  <system-out>
    <![CDATA[hi I am inconsistent bug]]>
  </system-out>
  <testcase name="a" time="0.001" classname="Flags.InvocationCountFlag"/>
  <system-out>
    <![CDATA[hi I am inconsistent bug]]>
  </system-out>
  <testcase name="a" time="0.001" classname="Flags.InvocationCountFlag"/>
  <system-out>
    <![CDATA[hi I am inconsistent bug]]>
  </system-out>
  <testcase name="a" time="0.006" classname="Flags.InvocationCountFlag"/>
  <system-out>
    <![CDATA[hi I am inconsistent bug]]>
  </system-out>
  <testcase name="a" time="0.001" classname="Flags.InvocationCountFlag"/>
  <system-out>
    <![CDATA[hi I am inconsistent bug]]>
  </system-out>
  <testcase name="a" time="0.000" classname="Flags.InvocationCountFlag"/>
  <system-out>
    <![CDATA[hi I am inconsistent bug]]>
  </system-out>
  <testcase name="a" time="0.001" classname="Flags.InvocationCountFlag"/>
  <system-out>
    <![CDATA[hi I am inconsistent bug]]>
  </system-out>
  <testcase name="a" time="0.001" classname="Flags.InvocationCountFlag"/>
  <system-out>
    <![CDATA[hi I am inconsistent bug]]>
  </system-out>
  <testcase name="a" time="0.000" classname="Flags.InvocationCountFlag"/>
  <system-out>
    <![CDATA[hi I am inconsistent bug]]>
  </system-out>
  <testcase name="a" time="0.001" classname="Flags.InvocationCountFlag"/>
  <system-out>
    <![CDATA[hi I am inconsistent bug]]>
  </system-out>
  <testcase name="a" time="0.002" classname="Flags.InvocationCountFlag"/>
  <system-out>
    <![CDATA[hi I am inconsistent bug]]>
  </system-out>
  <testcase name="a" time="0.001" classname="Flags.InvocationCountFlag"/>
  <system-out>
    <![CDATA[hi I am inconsistent bug]]>
  </system-out>
  <testcase name="a" time="0.001" classname="Flags.InvocationCountFlag"/>
  <system-out>
    <![CDATA[hi I am inconsistent bug]]>
  </system-out>
  <testcase name="a" time="0.001" classname="Flags.InvocationCountFlag"/>
  <system-out>
    <![CDATA[hi I am inconsistent bug]]>
  </system-out>
  <testcase name="a" time="0.001" classname="Flags.InvocationCountFlag"/>
  <system-out>
    <![CDATA[hi I am inconsistent bug]]>
  </system-out>
  <testcase name="a" time="0.001" classname="Flags.InvocationCountFlag"/>
  <system-out>
    <![CDATA[hi I am inconsistent bug]]>
  </system-out>
  <testcase name="a" time="0.000" classname="Flags.InvocationCountFlag"/>
  <system-out>
    <![CDATA[hi I am inconsistent bug]]>
  </system-out>
  <testcase name="a" time="0.001" classname="Flags.InvocationCountFlag"/>
  <system-out>
    <![CDATA[hi I am inconsistent bug]]>
  </system-out>
  <testcase name="a" time="0.001" classname="Flags.InvocationCountFlag"/>
  <system-out>
    <![CDATA[hi I am inconsistent bug]]>
  </system-out>
  <testcase name="a" time="0.001" classname="Flags.InvocationCountFlag"/>
  <system-out>
    <![CDATA[hi I am inconsistent bug]]>
  </system-out>
  <testcase name="a" time="0.001" classname="Flags.InvocationCountFlag"/>
  <system-out>
    <![CDATA[hi I am inconsistent bug]]>
  </system-out>
  <testcase name="a" time="0.000" classname="Flags.InvocationCountFlag"/>
  <system-out>
    <![CDATA[hi I am inconsistent bug]]>
  </system-out>
  <testcase name="a" time="0.001" classname="Flags.InvocationCountFlag"/>
  <system-out>
    <![CDATA[hi I am inconsistent bug]]>
  </system-out>
  <testcase name="a" time="0.000" classname="Flags.InvocationCountFlag"/>
  <system-out>
    <![CDATA[hi I am inconsistent bug]]>
  </system-out>
  <testcase name="a" time="0.000" classname="Flags.InvocationCountFlag"/>
  <system-out>
    <![CDATA[hi I am inconsistent bug]]>
  </system-out>
  <testcase name="a" time="0.001" classname="Flags.InvocationCountFlag"/>
  <system-out>
    <![CDATA[hi I am inconsistent bug]]>
  </system-out>
  <testcase name="a" time="0.000" classname="Flags.InvocationCountFlag"/>
  <system-out>
    <![CDATA[hi I am inconsistent bug]]>
  </system-out>
  <testcase name="a" time="0.001" classname="Flags.InvocationCountFlag"/>
  <system-out>
    <![CDATA[hi I am inconsistent bug]]>
  </system-out>
  <testcase name="a" time="0.001" classname="Flags.InvocationCountFlag"/>
  <system-out>
    <![CDATA[hi I am inconsistent bug]]>
  </system-out>
  <testcase name="a" time="0.001" classname="Flags.InvocationCountFlag"/>
  <system-out>
    <![CDATA[hi I am inconsistent bug]]>
  </system-out>
  <testcase name="a" time="0.000" classname="Flags.InvocationCountFlag"/>
  <system-out>
    <![CDATA[hi I am inconsistent bug]]>
  </system-out>
  <testcase name="a" time="0.000" classname="Flags.InvocationCountFlag"/>
  <system-out>
    <![CDATA[hi I am inconsistent bug]]>
  </system-out>
  <testcase name="a" time="0.001" classname="Flags.InvocationCountFlag"/>
  <system-out>
    <![CDATA[hi I am inconsistent bug]]>
  </system-out>
  <testcase name="a" time="0.001" classname="Flags.InvocationCountFlag"/>
  <system-out>
    <![CDATA[hi I am inconsistent bug]]>
  </system-out>
  <testcase name="a" time="0.001" classname="Flags.InvocationCountFlag"/>
  <system-out>
    <![CDATA[hi I am inconsistent bug]]>
  </system-out>
  <testcase name="a" time="0.001" classname="Flags.InvocationCountFlag"/>
  <system-out>
    <![CDATA[hi I am inconsistent bug]]>
  </system-out>
  <testcase name="a" time="0.001" classname="Flags.InvocationCountFlag"/>
  <system-out>
    <![CDATA[hi I am inconsistent bug]]>
  </system-out>
  <testcase name="a" time="0.001" classname="Flags.InvocationCountFlag"/>
  <system-out>
    <![CDATA[hi I am inconsistent bug]]>
  </system-out>
  <testcase name="a" time="0.000" classname="Flags.InvocationCountFlag"/>
  <system-out>
    <![CDATA[hi I am inconsistent bug]]>
  </system-out>
  <testcase name="a" time="0.000" classname="Flags.InvocationCountFlag"/>
  <system-out>
    <![CDATA[hi I am inconsistent bug]]>
  </system-out>
  <testcase name="a" time="0.001" classname="Flags.InvocationCountFlag"/>
  <system-out>
    <![CDATA[hi I am inconsistent bug]]>
  </system-out>
  <testcase name="a" time="0.001" classname="Flags.InvocationCountFlag"/>
  <system-out>
    <![CDATA[hi I am inconsistent bug]]>
  </system-out>
  <testcase name="a" time="0.000" classname="Flags.InvocationCountFlag"/>
  <system-out>
    <![CDATA[hi I am inconsistent bug]]>
  </system-out>
  <testcase name="a" time="0.001" classname="Flags.InvocationCountFlag"/>
  <system-out>
    <![CDATA[hi I am inconsistent bug]]>
  </system-out>
  <testcase name="a" time="0.001" classname="Flags.InvocationCountFlag"/>
  <system-out>
    <![CDATA[hi I am inconsistent bug]]>
  </system-out>
  <testcase name="a" time="0.001" classname="Flags.InvocationCountFlag"/>
  <system-out>
    <![CDATA[hi I am inconsistent bug]]>
  </system-out>
  <testcase name="a" time="0.000" classname="Flags.InvocationCountFlag"/>
  <system-out>
    <![CDATA[hi I am inconsistent bug]]>
  </system-out>
  <testcase name="a" time="0.000" classname="Flags.InvocationCountFlag"/>
  <system-out>
    <![CDATA[hi I am inconsistent bug]]>
  </system-out>
  <testcase name="a" time="0.000" classname="Flags.InvocationCountFlag"/>
  <system-out>
    <![CDATA[hi I am inconsistent bug]]>
  </system-out>
  <testcase name="a" time="0.001" classname="Flags.InvocationCountFlag"/>
  <system-out>
    <![CDATA[hi I am inconsistent bug]]>
  </system-out>
  <testcase name="a" time="0.001" classname="Flags.InvocationCountFlag"/>
  <system-out>
    <![CDATA[hi I am inconsistent bug]]>
  </system-out>
  <testcase name="a" time="0.000" classname="Flags.InvocationCountFlag"/>
  <system-out>
    <![CDATA[hi I am inconsistent bug]]>
  </system-out>
  <testcase name="a" time="0.000" classname="Flags.InvocationCountFlag"/>
  <system-out>
    <![CDATA[hi I am inconsistent bug]]>
  </system-out>
  <testcase name="a" time="0.001" classname="Flags.InvocationCountFlag"/>
  <system-out>
    <![CDATA[hi I am inconsistent bug]]>
  </system-out>
  <testcase name="a" time="0.001" classname="Flags.InvocationCountFlag"/>
  <system-out>
    <![CDATA[hi I am inconsistent bug]]>
  </system-out>
  <testcase name="a" time="0.002" classname="Flags.InvocationCountFlag"/>
  <system-out>
    <![CDATA[hi I am inconsistent bug]]>
  </system-out>
  <testcase name="a" time="0.000" classname="Flags.InvocationCountFlag"/>
  <system-out>
    <![CDATA[hi I am inconsistent bug]]>
  </system-out>
  <testcase name="a" time="0.000" classname="Flags.InvocationCountFlag"/>
  <system-out>
    <![CDATA[hi I am inconsistent bug]]>
  </system-out>
  <testcase name="a" time="0.001" classname="Flags.InvocationCountFlag"/>
  <system-out>
    <![CDATA[hi I am inconsistent bug]]>
  </system-out>
  <testcase name="a" time="0.001" classname="Flags.InvocationCountFlag"/>
  <system-out>
    <![CDATA[hi I am inconsistent bug]]>
  </system-out>
  <testcase name="a" time="0.001" classname="Flags.InvocationCountFlag"/>
  <system-out>
    <![CDATA[hi I am inconsistent bug]]>
  </system-out>
  <testcase name="a" time="0.001" classname="Flags.InvocationCountFlag"/>
  <system-out>
    <![CDATA[hi I am inconsistent bug]]>
  </system-out>
  <testcase name="a" time="0.000" classname="Flags.InvocationCountFlag"/>
  <system-out>
    <![CDATA[hi I am inconsistent bug]]>
  </system-out>
  <testcase name="a" time="0.000" classname="Flags.InvocationCountFlag"/>
  <system-out>
    <![CDATA[hi I am inconsistent bug]]>
  </system-out>
  <testcase name="b" time="0.001" classname="Flags.InvocationCountFlag"/>
  <system-out>
    <![CDATA[hi]]>
  </system-out>
  <testcase name="a" time="0.001" classname="Flags.InvocationCountFlag"/>
  <system-out>
    <![CDATA[hi I am inconsistent bug]]>
  </system-out>
  <testcase name="a" time="0.001" classname="Flags.InvocationCountFlag"/>
  <system-out>
    <![CDATA[hi I am inconsistent bug]]>
  </system-out>
  <testcase name="a" time="0.001" classname="Flags.InvocationCountFlag"/>
  <system-out>
    <![CDATA[hi I am inconsistent bug]]>
  </system-out>
  <testcase name="a" time="0.001" classname="Flags.InvocationCountFlag"/>
  <system-out>
    <![CDATA[hi I am inconsistent bug]]>
  </system-out>
  <testcase name="a" time="0.001" classname="Flags.InvocationCountFlag"/>
  <system-out>
    <![CDATA[hi I am inconsistent bug]]>
  </system-out>
  <testcase name="a" time="0.001" classname="Flags.InvocationCountFlag"/>
  <system-out>
    <![CDATA[hi I am inconsistent bug]]>
  </system-out>
  <testcase name="a" time="0.001" classname="Flags.InvocationCountFlag"/>
  <system-out>
    <![CDATA[hi I am inconsistent bug]]>
  </system-out>
  <testcase name="a" time="0.001" classname="Flags.InvocationCountFlag"/>
  <system-out>
    <![CDATA[hi I am inconsistent bug]]>
  </system-out>
  <testcase name="a" time="0.000" classname="Flags.InvocationCountFlag"/>
  <system-out>
    <![CDATA[hi I am inconsistent bug]]>
  </system-out>
  <testcase name="a" time="0.001" classname="Flags.InvocationCountFlag"/>
  <system-out>
    <![CDATA[hi I am inconsistent bug]]>
  </system-out>
  <testcase name="a" time="0.001" classname="Flags.InvocationCountFlag"/>
  <system-out>
    <![CDATA[hi I am inconsistent bug]]>
  </system-out>
  <testcase name="a" time="0.000" classname="Flags.InvocationCountFlag"/>
  <system-out>
    <![CDATA[hi I am inconsistent bug]]>
  </system-out>
  <testcase name="a" time="0.001" classname="Flags.InvocationCountFlag"/>
  <system-out>
    <![CDATA[hi I am inconsistent bug]]>
  </system-out>
  <testcase name="a" time="0.001" classname="Flags.InvocationCountFlag"/>
  <system-out>
    <![CDATA[hi I am inconsistent bug]]>
  </system-out>
  <testcase name="a" time="0.008" classname="Flags.InvocationCountFlag"/>
  <system-out>
    <![CDATA[hi I am inconsistent bug]]>
  </system-out>
  <testcase name="a" time="0.001" classname="Flags.InvocationCountFlag"/>
  <system-out>
    <![CDATA[hi I am inconsistent bug]]>
  </system-out>
  <testcase name="a" time="0.001" classname="Flags.InvocationCountFlag"/>
  <system-out>
    <![CDATA[hi I am inconsistent bug]]>
  </system-out>
  <testcase name="a" time="0.000" classname="Flags.InvocationCountFlag"/>
  <system-out>
    <![CDATA[hi I am inconsistent bug]]>
  </system-out>
  <testcase name="a" time="0.001" classname="Flags.InvocationCountFlag"/>
  <system-out>
    <![CDATA[hi I am inconsistent bug]]>
  </system-out>
  <testcase name="a" time="0.001" classname="Flags.InvocationCountFlag"/>
  <system-out>
    <![CDATA[hi I am inconsistent bug]]>
  </system-out>
  <testcase name="a" time="0.001" classname="Flags.InvocationCountFlag"/>
  <system-out>
    <![CDATA[hi I am inconsistent bug]]>
  </system-out>
  <testcase name="a" time="0.001" classname="Flags.InvocationCountFlag"/>
  <system-out>
    <![CDATA[hi I am inconsistent bug]]>
  </system-out>
</testsuite> <!-- Flags.InvocationCountFlag -->
