<?xml version="1.0" encoding="UTF-8"?>
<!-- Generated by org.testng.reporters.JUnitReportReporter -->
<testsuite skipped="0" hostname="LAPTOP-AI9CD3N0" name="ParallelExecution.Class2" tests="1" failures="0" timestamp="2021-11-16T18:01:41 IST" time="20.024" errors="0">
  <testcase name="google2" time="20.024" classname="ParallelExecution.Class2"/>
  <system-out/>
</testsuite> <!-- ParallelExecution.Class2 -->
