<?xml version="1.0" encoding="UTF-8"?>
<!-- Generated by org.testng.reporters.JUnitReportReporter -->
<testsuite skipped="0" hostname="LAPTOP-AI9CD3N0" name="ParallelExecution.Class3" tests="1" failures="0" timestamp="2021-11-16T18:01:41 IST" time="26.096" errors="0">
  <testcase name="google3" time="26.096" classname="ParallelExecution.Class3"/>
  <system-out/>
</testsuite> <!-- ParallelExecution.Class3 -->
