<?xml version="1.0" encoding="UTF-8"?>
<!-- Generated by org.testng.reporters.JUnitReportReporter -->
<testsuite skipped="0" hostname="LAPTOP-AI9CD3N0" name="testng1.ArithmaticOPeration" tests="5" failures="0" timestamp="2021-11-12T18:48:40 IST" time="20.440" errors="0">
  <testcase name="launchApp" time="5.260" classname="testng1.ArithmaticOPeration"/>
  <system-out/>
  <testcase name="add" time="3.618" classname="testng1.ArithmaticOPeration"/>
  <system-out>
    <![CDATA[The result of addition is :  12 ]]>
  </system-out>
  <testcase name="sub" time="3.152" classname="testng1.ArithmaticOPeration"/>
  <system-out>
    <![CDATA[The result of subtraction is :  2 ]]>
  </system-out>
  <testcase name="multiplication" time="3.941" classname="testng1.ArithmaticOPeration"/>
  <system-out>
    <![CDATA[The result of multiplication is :  35 ]]>
  </system-out>
  <testcase name="division" time="4.469" classname="testng1.ArithmaticOPeration"/>
  <system-out>
    <![CDATA[The result of division is :  1.4 ]]>
  </system-out>
</testsuite> <!-- testng1.ArithmaticOPeration -->
