<?xml version="1.0" encoding="UTF-8"?>
<!-- Generated by org.testng.reporters.JUnitReportReporter -->
<testsuite skipped="0" hostname="LAPTOP-AI9CD3N0" name="Flags.Flag7" tests="18" failures="0" timestamp="2021-11-13T10:01:16 IST" time="0.026" errors="0">
  <testcase name="ft5" time="0.000" classname="Flags.Flag7"/>
  <system-out>
    <![CDATA[ft5 test case Pass]]>
  </system-out>
  <testcase name="it6" time="0.000" classname="Flags.Flag7"/>
  <system-out>
    <![CDATA[it6 test case Pass]]>
  </system-out>
  <testcase name="it1" time="0.000" classname="Flags.Flag7"/>
  <system-out>
    <![CDATA[it1 test case Pass]]>
  </system-out>
  <testcase name="it4" time="0.000" classname="Flags.Flag7"/>
  <system-out>
    <![CDATA[it4 test case Pass]]>
  </system-out>
  <testcase name="ft2" time="0.000" classname="Flags.Flag7"/>
  <system-out>
    <![CDATA[ft2 test case Pass]]>
  </system-out>
  <testcase name="ft1" time="0.016" classname="Flags.Flag7"/>
  <system-out>
    <![CDATA[ft1 test case Pass]]>
  </system-out>
  <testcase name="ft6" time="0.000" classname="Flags.Flag7"/>
  <system-out>
    <![CDATA[ft6 test case Pass]]>
  </system-out>
  <testcase name="st4" time="0.008" classname="Flags.Flag7"/>
  <system-out>
    <![CDATA[st4 test case Pass]]>
  </system-out>
  <testcase name="it3" time="0.000" classname="Flags.Flag7"/>
  <system-out>
    <![CDATA[it3 test case Pass]]>
  </system-out>
  <testcase name="st3" time="0.000" classname="Flags.Flag7"/>
  <system-out>
    <![CDATA[st3 test case Pass]]>
  </system-out>
  <testcase name="ft4" time="0.000" classname="Flags.Flag7"/>
  <system-out>
    <![CDATA[ft4 test case Pass]]>
  </system-out>
  <testcase name="st6" time="0.001" classname="Flags.Flag7"/>
  <system-out>
    <![CDATA[st6 test case Pass]]>
  </system-out>
  <testcase name="it2" time="0.000" classname="Flags.Flag7"/>
  <system-out>
    <![CDATA[it2 test case Pass]]>
  </system-out>
  <testcase name="it5" time="0.000" classname="Flags.Flag7"/>
  <system-out>
    <![CDATA[it5 test case Pass]]>
  </system-out>
  <testcase name="st1" time="0.000" classname="Flags.Flag7"/>
  <system-out>
    <![CDATA[st1 test case Pass]]>
  </system-out>
  <testcase name="st2" time="0.000" classname="Flags.Flag7"/>
  <system-out>
    <![CDATA[st2 test case Pass]]>
  </system-out>
  <testcase name="ft3" time="0.000" classname="Flags.Flag7"/>
  <system-out>
    <![CDATA[ft3 test case Pass]]>
  </system-out>
  <testcase name="st5" time="0.001" classname="Flags.Flag7"/>
  <system-out>
    <![CDATA[st5 test case Pass]]>
  </system-out>
</testsuite> <!-- Flags.Flag7 -->
