<?xml version="1.0" encoding="UTF-8"?>
<!-- Generated by org.testng.reporters.JUnitReportReporter -->
<testsuite skipped="0" hostname="LAPTOP-AI9CD3N0" name="TestNG.Remo1" tests="1" failures="0" timestamp="2021-11-08T09:20:43 IST" time="0.016" errors="0">
  <testcase name="b" time="0.016" classname="TestNG.Remo1"/>
  <system-out/>
</testsuite> <!-- TestNG.Remo1 -->
