<?xml version="1.0" encoding="UTF-8"?>
<!-- Generated by org.testng.reporters.JUnitReportReporter -->
<testsuite skipped="0" hostname="LAPTOP-AI9CD3N0" name="DataProvider.DataDrivenApproachUsingDataProvider" tests="3" failures="0" timestamp="2021-11-15T14:37:40 IST" time="24.152" errors="0">
  <testcase name="testActiTimeLogin" time="7.516" classname="DataProvider.DataDrivenApproachUsingDataProvider"/>
  <system-out/>
  <testcase name="testActiTimeLogin" time="7.829" classname="DataProvider.DataDrivenApproachUsingDataProvider"/>
  <system-out/>
  <testcase name="testActiTimeLogin" time="8.807" classname="DataProvider.DataDrivenApproachUsingDataProvider"/>
  <system-out/>
</testsuite> <!-- DataProvider.DataDrivenApproachUsingDataProvider -->
