<?xml version="1.0" encoding="UTF-8"?>
<!-- Generated by org.testng.reporters.JUnitReportReporter -->
<testsuite skipped="0" hostname="LAPTOP-AI9CD3N0" name="Flags.Flag43" tests="7" failures="0" timestamp="2021-11-12T09:50:53 IST" time="0.017" errors="0">
  <testcase name="e" time="0.001" classname="Flags.Flag43"/>
  <system-out>
    <![CDATA[I am from method e]]>
  </system-out>
  <testcase name="b" time="0.009" classname="Flags.Flag43"/>
  <system-out>
    <![CDATA[I am from method b]]>
  </system-out>
  <testcase name="g" time="0.001" classname="Flags.Flag43"/>
  <system-out>
    <![CDATA[I am from method g]]>
  </system-out>
  <testcase name="d" time="0.001" classname="Flags.Flag43"/>
  <system-out>
    <![CDATA[I am from method d]]>
  </system-out>
  <testcase name="f" time="0.001" classname="Flags.Flag43"/>
  <system-out>
    <![CDATA[I am from method f]]>
  </system-out>
  <testcase name="a" time="0.002" classname="Flags.Flag43"/>
  <system-out>
    <![CDATA[I am from method a]]>
  </system-out>
  <testcase name="c" time="0.002" classname="Flags.Flag43"/>
  <system-out>
    <![CDATA[I am from method c]]>
  </system-out>
</testsuite> <!-- Flags.Flag43 -->
