<?xml version="1.0" encoding="UTF-8"?>
<!-- Generated by org.testng.reporters.JUnitReportReporter -->
<testsuite skipped="0" hostname="LAPTOP-AI9CD3N0" name="Flags.Flag44" tests="3" failures="0" timestamp="2021-11-12T09:50:16 IST" time="0.012" errors="0">
  <testcase name="login" time="0.009" classname="Flags.Flag44"/>
  <system-out>
    <![CDATA[login to the application]]>
  </system-out>
  <testcase name="action" time="0.001" classname="Flags.Flag44"/>
  <system-out>
    <![CDATA[Action !!!!]]>
  </system-out>
  <testcase name="logout" time="0.002" classname="Flags.Flag44"/>
  <system-out>
    <![CDATA[Logout from the application]]>
  </system-out>
</testsuite> <!-- Flags.Flag44 -->
