<?xml version="1.0" encoding="UTF-8"?>
<!-- Generated by org.testng.reporters.JUnitReportReporter -->
<testsuite skipped="0" hostname="LAPTOP-AI9CD3N0" name="ParallelExecution.ParallelExecutionForTestsBlocks" tests="2" failures="0" timestamp="2021-11-16T17:57:43 IST" time="18.588" errors="0">
  <testcase name="testValidLogin" time="11.393" classname="ParallelExecution.ParallelExecutionForTestsBlocks"/>
  <system-out/>
  <testcase name="testValidLogin" time="7.195" classname="ParallelExecution.ParallelExecutionForTestsBlocks"/>
  <system-out/>
</testsuite> <!-- ParallelExecution.ParallelExecutionForTestsBlocks -->
