<?xml version="1.0" encoding="UTF-8"?>
<!-- Generated by org.testng.reporters.JUnitReportReporter -->
<testsuite skipped="0" hostname="LAPTOP-AI9CD3N0" name="TestNG.Flag7" tests="6" failures="0" timestamp="2021-11-10T09:08:58 IST" time="0.015" errors="0">
  <testcase name="it4" time="0.000" classname="TestNG.Flag7"/>
  <system-out>
    <![CDATA[it4 test case Pass]]>
  </system-out>
  <testcase name="it1" time="0.015" classname="TestNG.Flag7"/>
  <system-out>
    <![CDATA[it1 test case Pass]]>
  </system-out>
  <testcase name="it6" time="0.000" classname="TestNG.Flag7"/>
  <system-out>
    <![CDATA[it6 test case Pass]]>
  </system-out>
  <testcase name="it2" time="0.000" classname="TestNG.Flag7"/>
  <system-out>
    <![CDATA[it2 test case Pass]]>
  </system-out>
  <testcase name="it5" time="0.000" classname="TestNG.Flag7"/>
  <system-out>
    <![CDATA[it5 test case Pass]]>
  </system-out>
  <testcase name="it3" time="0.000" classname="TestNG.Flag7"/>
  <system-out>
    <![CDATA[it3 test case Pass]]>
  </system-out>
</testsuite> <!-- TestNG.Flag7 -->
