<?xml version="1.0" encoding="UTF-8"?>
<!-- Generated by org.testng.reporters.JUnitReportReporter -->
<testsuite skipped="0" hostname="LAPTOP-AI9CD3N0" name="Flags.DependsOnMethodFlag" tests="3" failures="0" timestamp="2021-11-13T10:05:55 IST" time="0.015" errors="0">
  <testcase name="action" time="0.000" classname="Flags.DependsOnMethodFlag"/>
  <system-out>
    <![CDATA[Action !!!!]]>
  </system-out>
  <testcase name="login" time="0.015" classname="Flags.DependsOnMethodFlag"/>
  <system-out>
    <![CDATA[login to the application]]>
  </system-out>
  <testcase name="logout" time="0.000" classname="Flags.DependsOnMethodFlag"/>
  <system-out>
    <![CDATA[Logout from the application]]>
  </system-out>
</testsuite> <!-- Flags.DependsOnMethodFlag -->
