<?xml version="1.0" encoding="UTF-8"?>
<!-- Generated by org.testng.reporters.JUnitReportReporter -->
<testsuite skipped="0" hostname="LAPTOP-AI9CD3N0" name="testng1.ActiTimeLogin" tests="1" failures="0" timestamp="2021-11-12T18:59:42 IST" time="3.859" errors="0">
  <testcase name="a" time="3.859" classname="testng1.ActiTimeLogin"/>
  <system-out/>
</testsuite> <!-- testng1.ActiTimeLogin -->
