<?xml version="1.0" encoding="UTF-8"?>
<!-- Generated by org.testng.reporters.JUnitReportReporter -->
<testsuite skipped="0" hostname="LAPTOP-AI9CD3N0" name="Flags.Flag42" tests="7" failures="0" timestamp="2021-11-09T10:05:25 IST" time="0.011" errors="0">
  <testcase name="login" time="0.007" classname="Flags.Flag42"/>
  <system-out>
    <![CDATA[I am from method c]]>
  </system-out>
  <testcase name="b" time="0.000" classname="Flags.Flag42"/>
  <system-out>
    <![CDATA[I am from method b]]>
  </system-out>
  <testcase name="g" time="0.001" classname="Flags.Flag42"/>
  <system-out>
    <![CDATA[I am from method g]]>
  </system-out>
  <testcase name="e" time="0.001" classname="Flags.Flag42"/>
  <system-out>
    <![CDATA[I am from method e]]>
  </system-out>
  <testcase name="a" time="0.001" classname="Flags.Flag42"/>
  <system-out>
    <![CDATA[I am from method a]]>
  </system-out>
  <testcase name="d" time="0.001" classname="Flags.Flag42"/>
  <system-out>
    <![CDATA[I am from method d]]>
  </system-out>
  <testcase name="f" time="0.000" classname="Flags.Flag42"/>
  <system-out>
    <![CDATA[I am from method f]]>
  </system-out>
</testsuite> <!-- Flags.Flag42 -->
