<?xml version="1.0" encoding="UTF-8"?>
<!-- Generated by org.testng.reporters.JUnitReportReporter -->
<testsuite skipped="0" hostname="LAPTOP-AI9CD3N0" name="ParallelExecution.MethodsParallely" tests="2" failures="0" timestamp="2021-11-16T18:04:52 IST" time="0.000" errors="0">
  <testcase name="a" time="0.000" classname="ParallelExecution.MethodsParallely"/>
  <system-out>
    <![CDATA[method114]]>
  </system-out>
  <testcase name="b" time="0.000" classname="ParallelExecution.MethodsParallely"/>
  <system-out>
    <![CDATA[method215]]>
  </system-out>
</testsuite> <!-- ParallelExecution.MethodsParallely -->
