<?xml version="1.0" encoding="UTF-8"?>
<!-- Generated by org.testng.reporters.JUnitReportReporter -->
<testsuite skipped="0" hostname="LAPTOP-AI9CD3N0" name="TestNG.Demo1" tests="1" failures="0" timestamp="2021-11-08T09:20:43 IST" time="0.000" errors="0">
  <testcase name="a" time="0.000" classname="TestNG.Demo1"/>
  <system-out/>
</testsuite> <!-- TestNG.Demo1 -->
