<?xml version="1.0" encoding="UTF-8"?>
<!-- Generated by org.testng.reporters.JUnitReportReporter -->
<testsuite skipped="0" hostname="LAPTOP-AI9CD3N0" name="ParallelExecution.CLass4" tests="1" failures="0" timestamp="2021-11-16T18:01:41 IST" time="27.427" errors="0">
  <testcase name="google4" time="27.427" classname="ParallelExecution.CLass4"/>
  <system-out/>
</testsuite> <!-- ParallelExecution.CLass4 -->
